<?xml version="1.0" encoding="UTF-8"?>
<!-- Generated by org.testng.reporters.JUnitReportReporter -->
<testsuite hostname="batmanav" name="foosball.tests.TossResultTest" tests="1" failures="0" timestamp="22 Nov 2014 13:49:34 GMT" time="0.036" errors="0">
  <testcase name="checkResultOfcalcTossResult" time="0.036" classname="foosball.tests.TossResultTest"/>
</testsuite> <!-- foosball.tests.TossResultTest -->
