<?xml version="1.0" encoding="UTF-8"?>
<!-- Generated by org.testng.reporters.JUnitReportReporter -->
<testsuite hostname="batmanav" name="foosball.tests.CoordinatesTest" tests="1" failures="0" timestamp="22 Nov 2014 12:58:43 GMT" time="0.044" errors="0">
  <testcase name="checkDistanceBetweenReturnsADoubleValueBasicTest" time="0.044" classname="foosball.tests.CoordinatesTest"/>
</testsuite> <!-- foosball.tests.CoordinatesTest -->
