<?xml version="1.0" encoding="UTF-8"?>
<!-- Generated by org.testng.reporters.JUnitReportReporter -->
<testsuite hostname="batmanav" name="foosball.tests.TeamTests" tests="4" failures="0" timestamp="22 Nov 2014 14:40:10 GMT" time="0.047" errors="0">
  <testcase name="testTeamCount" time="0.002" classname="foosball.tests.TeamTests"/>
  <testcase name="testAttackerCount" time="0.042" classname="foosball.tests.TeamTests"/>
  <testcase name="testMidFielderCount" time="0.001" classname="foosball.tests.TeamTests"/>
  <testcase name="testDefenderCount" time="0.002" classname="foosball.tests.TeamTests"/>
</testsuite> <!-- foosball.tests.TeamTests -->
